<?xml version="1.0" encoding="utf-8"?><testsuites name="pytest tests"><testsuite name="pytest" errors="0" failures="0" skipped="0" tests="10" time="1.159" timestamp="2026-02-08T23:23:54.090269+00:00" hostname="agent-env-f91403b0-536d-4f09-b5b9-c65060215741"><testcase classname="backend.tests.test_scholarship_feature.TestScholarshipFeature" name="test_create_admission_with_scholarship" time="0.150" /><testcase classname="backend.tests.test_scholarship_feature.TestScholarshipFeature" name="test_create_admission_without_scholarship" time="0.085" /><testcase classname="backend.tests.test_scholarship_feature.TestScholarshipFeature" name="test_update_admission_add_scholarship" time="0.091" /><testcase classname="backend.tests.test_scholarship_feature.TestScholarshipFeature" name="test_update_admission_modify_scholarship" time="0.173" /><testcase classname="backend.tests.test_scholarship_feature.TestScholarshipFeature" name="test_admin_can_edit_all_admission_fields" time="0.166" /><testcase classname="backend.tests.test_scholarship_feature.TestScholarshipFeature" name="test_counselor_can_edit_own_admission" time="0.129" /><testcase classname="backend.tests.test_scholarship_feature.TestScholarshipFeature" name="test_scholarship_in_admissions_list" time="0.046" /><testcase classname="backend.tests.test_scholarship_feature.TestScholarshipFeature" name="test_scholarship_in_performance_stats" time="0.047" /><testcase classname="backend.tests.test_scholarship_feature.TestScholarshipFeature" name="test_scholarship_in_admissions_list_endpoint" time="0.050" /><testcase classname="backend.tests.test_scholarship_feature.TestCleanup" name="test_cleanup_test_admissions" time="0.165" /></testsuite></testsuites>