<?xml version="1.0" encoding="utf-8"?><testsuites name="pytest tests"><testsuite name="pytest" errors="0" failures="2" skipped="0" tests="10" time="1.128" timestamp="2026-02-08T23:18:26.933159+00:00" hostname="agent-env-f91403b0-536d-4f09-b5b9-c65060215741"><testcase classname="backend.tests.test_scholarship_feature.TestScholarshipFeature" name="test_create_admission_with_scholarship" time="0.164" /><testcase classname="backend.tests.test_scholarship_feature.TestScholarshipFeature" name="test_create_admission_without_scholarship" time="0.077" /><testcase classname="backend.tests.test_scholarship_feature.TestScholarshipFeature" name="test_update_admission_add_scholarship" time="0.134" /><testcase classname="backend.tests.test_scholarship_feature.TestScholarshipFeature" name="test_update_admission_modify_scholarship" time="0.073" /><testcase classname="backend.tests.test_scholarship_feature.TestScholarshipFeature" name="test_admin_can_edit_all_admission_fields" time="0.079" /><testcase classname="backend.tests.test_scholarship_feature.TestScholarshipFeature" name="test_counselor_can_edit_own_admission" time="0.128" /><testcase classname="backend.tests.test_scholarship_feature.TestScholarshipFeature" name="test_scholarship_in_admissions_list" time="0.056" /><testcase classname="backend.tests.test_scholarship_feature.TestScholarshipFeature" name="test_scholarship_in_performance_stats" time="0.070"><failure message="assert 404 == 200&#10; +  where 404 = &lt;Response [404]&gt;.status_code">backend/tests/test_scholarship_feature.py:347: in test_scholarship_in_performance_stats
    assert response.status_code == 200
E   assert 404 == 200
E    +  where 404 = &lt;Response [404]&gt;.status_code</failure></testcase><testcase classname="backend.tests.test_scholarship_feature.TestScholarshipFeature" name="test_scholarship_in_admissions_list_endpoint" time="0.059"><failure message="assert 404 == 200&#10; +  where 404 = &lt;Response [404]&gt;.status_code">backend/tests/test_scholarship_feature.py:359: in test_scholarship_in_admissions_list_endpoint
    assert response.status_code == 200
E   assert 404 == 200
E    +  where 404 = &lt;Response [404]&gt;.status_code</failure></testcase><testcase classname="backend.tests.test_scholarship_feature.TestCleanup" name="test_cleanup_test_admissions" time="0.142" /></testsuite></testsuites>