<?xml version="1.0" encoding="utf-8"?><testsuites name="pytest tests"><testsuite name="pytest" errors="0" failures="0" skipped="0" tests="26" time="1.801" timestamp="2026-02-08T19:01:31.471080+00:00" hostname="agent-env-b019903f-ea0c-473f-ae80-ed4cb1169b67"><testcase classname="backend.tests.test_new_features.TestAuthentication" name="test_admin_login" time="0.082" /><testcase classname="backend.tests.test_new_features.TestAuthentication" name="test_counselor_login" time="0.042" /><testcase classname="backend.tests.test_new_features.TestFiltersEndpoint" name="test_filters_returns_courses" time="0.046" /><testcase classname="backend.tests.test_new_features.TestFiltersEndpoint" name="test_filters_states_populated" time="0.045" /><testcase classname="backend.tests.test_new_features.TestFiltersEndpoint" name="test_filters_cities_populated" time="0.039" /><testcase classname="backend.tests.test_new_features.TestFiltersEndpoint" name="test_filters_categories_populated" time="0.045" /><testcase classname="backend.tests.test_new_features.TestCollegesFiltering" name="test_filter_by_state" time="0.043" /><testcase classname="backend.tests.test_new_features.TestCollegesFiltering" name="test_filter_by_city" time="0.038" /><testcase classname="backend.tests.test_new_features.TestCollegesFiltering" name="test_filter_by_category" time="0.040" /><testcase classname="backend.tests.test_new_features.TestCollegesFiltering" name="test_filter_by_course" time="0.041" /><testcase classname="backend.tests.test_new_features.TestAdmissionAlerts" name="test_college_with_alerts_has_alerts_data" time="0.255" /><testcase classname="backend.tests.test_new_features.TestAdmissionAlerts" name="test_college_without_alerts_has_empty_array" time="0.114" /><testcase classname="backend.tests.test_new_features.TestAdmissionAlerts" name="test_update_admission_alerts_endpoint" time="0.153" /><testcase classname="backend.tests.test_new_features.TestAdmissionAlerts" name="test_update_alerts_requires_admin" time="0.037" /><testcase classname="backend.tests.test_new_features.TestAdmissionAlerts" name="test_update_alerts_invalid_college" time="0.040" /><testcase classname="backend.tests.test_new_features.TestBulkFeeCreation" name="test_bulk_fee_creation_success" time="0.079" /><testcase classname="backend.tests.test_new_features.TestBulkFeeCreation" name="test_bulk_fee_requires_admin" time="0.041" /><testcase classname="backend.tests.test_new_features.TestBulkFeeCreation" name="test_bulk_fee_invalid_college" time="0.041" /><testcase classname="backend.tests.test_new_features.TestBulkFeeCreation" name="test_bulk_fee_invalid_course" time="0.079" /><testcase classname="backend.tests.test_new_features.TestCSVImport" name="test_csv_template_endpoint" time="0.034" /><testcase classname="backend.tests.test_new_features.TestCSVImport" name="test_csv_import_requires_auth" time="0.036" /><testcase classname="backend.tests.test_new_features.TestCSVImport" name="test_csv_import_rejects_non_csv" time="0.078" /><testcase classname="backend.tests.test_new_features.TestCompareColleges" name="test_compare_two_colleges" time="0.042" /><testcase classname="backend.tests.test_new_features.TestCompareColleges" name="test_compare_four_colleges" time="0.047" /><testcase classname="backend.tests.test_new_features.TestCompareColleges" name="test_compare_requires_minimum_two" time="0.080" /><testcase classname="backend.tests.test_new_features.TestCompareColleges" name="test_compare_maximum_four" time="0.039" /></testsuite></testsuites>