<?xml version="1.0" encoding="utf-8"?><testsuites name="pytest tests"><testsuite name="pytest" errors="0" failures="0" skipped="0" tests="14" time="1.260" timestamp="2026-02-12T21:11:40.348901+00:00" hostname="agent-env-3540ef1c-e897-449e-a556-24d96a7ee6d4"><testcase classname="backend.tests.test_iteration12_features.TestHealthAndAuth" name="test_api_root" time="0.071" /><testcase classname="backend.tests.test_iteration12_features.TestHealthAndAuth" name="test_counselor_login" time="0.041" /><testcase classname="backend.tests.test_iteration12_features.TestHealthAndAuth" name="test_admin_login" time="0.041" /><testcase classname="backend.tests.test_iteration12_features.TestCollegesAPI" name="test_get_colleges_list" time="0.077" /><testcase classname="backend.tests.test_iteration12_features.TestCollegesAPI" name="test_college_has_established_year" time="0.076" /><testcase classname="backend.tests.test_iteration12_features.TestCollegesAPI" name="test_get_college_detail" time="0.113" /><testcase classname="backend.tests.test_iteration12_features.TestCoursesAPI" name="test_get_courses_list" time="0.069" /><testcase classname="backend.tests.test_iteration12_features.TestCoursesAPI" name="test_get_course_detail" time="0.103" /><testcase classname="backend.tests.test_iteration12_features.TestFiltersAPI" name="test_get_filters" time="0.074" /><testcase classname="backend.tests.test_iteration12_features.TestFiltersAPI" name="test_get_course_levels" time="0.071" /><testcase classname="backend.tests.test_iteration12_features.TestFiltersAPI" name="test_get_categories" time="0.066" /><testcase classname="backend.tests.test_iteration12_features.TestCompareCollegesAPI" name="test_compare_colleges" time="0.127" /><testcase classname="backend.tests.test_iteration12_features.TestAdminDashboardAPI" name="test_admin_stats" time="0.190" /><testcase classname="backend.tests.test_iteration12_features.TestAdminDashboardAPI" name="test_courses_needing_attention" time="0.076" /></testsuite></testsuites>