<?xml version="1.0" encoding="utf-8"?><testsuites name="pytest tests"><testsuite name="pytest" errors="0" failures="0" skipped="0" tests="21" time="2.553" timestamp="2026-02-08T21:51:47.091653+00:00" hostname="agent-env-575d28ef-662b-422e-9b24-753647d76547"><testcase classname="backend.tests.test_iteration7_features.TestAuth" name="test_admin_login" time="0.078" /><testcase classname="backend.tests.test_iteration7_features.TestAuth" name="test_counselor_login" time="0.037" /><testcase classname="backend.tests.test_iteration7_features.TestAuth" name="test_teamlead_login" time="0.048" /><testcase classname="backend.tests.test_iteration7_features.TestTargetTracking" name="test_get_assignable_counselors_admin" time="0.086" /><testcase classname="backend.tests.test_iteration7_features.TestTargetTracking" name="test_get_assignable_counselors_teamlead" time="0.088" /><testcase classname="backend.tests.test_iteration7_features.TestTargetTracking" name="test_counselor_cannot_access_targets" time="0.081" /><testcase classname="backend.tests.test_iteration7_features.TestTargetTracking" name="test_create_target_admin" time="0.127" /><testcase classname="backend.tests.test_iteration7_features.TestTargetTracking" name="test_get_targets_admin" time="0.088" /><testcase classname="backend.tests.test_iteration7_features.TestTargetTracking" name="test_get_targets_with_progress" time="0.093" /><testcase classname="backend.tests.test_iteration7_features.TestTargetTracking" name="test_update_target" time="0.193" /><testcase classname="backend.tests.test_iteration7_features.TestTargetTracking" name="test_delete_target" time="0.191" /><testcase classname="backend.tests.test_iteration7_features.TestRemarksColumn" name="test_admissions_have_remark_field" time="0.077" /><testcase classname="backend.tests.test_iteration7_features.TestRemarksColumn" name="test_counselor_admissions_have_remark" time="0.120" /><testcase classname="backend.tests.test_iteration7_features.TestRemarksColumn" name="test_create_admission_with_remark" time="0.206" /><testcase classname="backend.tests.test_iteration7_features.TestFeePaymentEditPermissions" name="test_admin_can_edit_any_admission" time="0.131" /><testcase classname="backend.tests.test_iteration7_features.TestFeePaymentEditPermissions" name="test_teamlead_can_edit_team_admission" time="0.190" /><testcase classname="backend.tests.test_iteration7_features.TestFeePaymentEditPermissions" name="test_counselor_can_only_edit_own_admission" time="0.175" /><testcase classname="backend.tests.test_iteration7_features.TestFeePaymentEditPermissions" name="test_add_instalment_to_admission" time="0.180" /><testcase classname="backend.tests.test_iteration7_features.TestPerformanceDashboardAdmissions" name="test_admin_stats_admissions_list" time="0.081" /><testcase classname="backend.tests.test_iteration7_features.TestPerformanceDashboardAdmissions" name="test_performance_stats" time="0.101" /><testcase classname="backend.tests.test_iteration7_features.TestPerformanceDashboardAdmissions" name="test_performance_stats_by_counselor" time="0.088" /></testsuite></testsuites>