<?xml version="1.0" encoding="utf-8"?><testsuites name="pytest tests"><testsuite name="pytest" errors="0" failures="0" skipped="0" tests="18" time="1.387" timestamp="2026-02-08T20:42:24.251520+00:00" hostname="agent-env-575d28ef-662b-422e-9b24-753647d76547"><testcase classname="backend.tests.test_iteration5_features.TestAuthentication" name="test_admin_login" time="0.062" /><testcase classname="backend.tests.test_iteration5_features.TestAuthentication" name="test_counselor_login" time="0.043" /><testcase classname="backend.tests.test_iteration5_features.TestCoursesFilters" name="test_get_all_courses_with_college_info" time="0.044" /><testcase classname="backend.tests.test_iteration5_features.TestCoursesFilters" name="test_courses_have_level_field" time="0.047" /><testcase classname="backend.tests.test_iteration5_features.TestCoursesFilters" name="test_courses_have_college_state_city" time="0.044" /><testcase classname="backend.tests.test_iteration5_features.TestCoursesFilters" name="test_courses_categories" time="0.041" /><testcase classname="backend.tests.test_iteration5_features.TestCollegesGrouping" name="test_get_all_colleges" time="0.043" /><testcase classname="backend.tests.test_iteration5_features.TestCollegesGrouping" name="test_colleges_have_city_field" time="0.039" /><testcase classname="backend.tests.test_iteration5_features.TestCollegesGrouping" name="test_colleges_have_state_field" time="0.036" /><testcase classname="backend.tests.test_iteration5_features.TestCollegesGrouping" name="test_filters_endpoint_returns_cities_and_states" time="0.037" /><testcase classname="backend.tests.test_iteration5_features.TestAdmissionAlerts" name="test_colleges_have_admission_alerts_field" time="0.043" /><testcase classname="backend.tests.test_iteration5_features.TestAdmissionAlerts" name="test_admission_alert_structure" time="0.036" /><testcase classname="backend.tests.test_iteration5_features.TestAdmissionAlerts" name="test_update_admission_alerts_requires_auth" time="0.035" /><testcase classname="backend.tests.test_iteration5_features.TestAdmissionAlerts" name="test_update_admission_alerts_success" time="0.191" /><testcase classname="backend.tests.test_iteration5_features.TestAdmissionAlerts" name="test_update_admission_alerts_multiple" time="0.146" /><testcase classname="backend.tests.test_iteration5_features.TestAdmissionAlerts" name="test_remove_all_alerts" time="0.116" /><testcase classname="backend.tests.test_iteration5_features.TestAdmissionAlerts" name="test_alert_type_values" time="0.232" /><testcase classname="backend.tests.test_iteration5_features.TestCollegeNotFound" name="test_update_alerts_nonexistent_college" time="0.069" /></testsuite></testsuites>