<?xml version="1.0" encoding="utf-8"?><testsuites name="pytest tests"><testsuite name="pytest" errors="0" failures="0" skipped="0" tests="23" time="2.531" timestamp="2026-02-08T22:19:17.996950+00:00" hostname="agent-env-575d28ef-662b-422e-9b24-753647d76547"><testcase classname="backend.tests.test_performance_tab.TestPerformanceTabAccess" name="test_team_lead_has_correct_designation" time="0.099" /><testcase classname="backend.tests.test_performance_tab.TestPerformanceTabAccess" name="test_manager_has_correct_designation" time="0.068" /><testcase classname="backend.tests.test_performance_tab.TestPerformanceTabAccess" name="test_counselor_has_correct_designation" time="0.058" /><testcase classname="backend.tests.test_performance_tab.TestPerformanceStatsEndpoint" name="test_team_lead_can_access_performance_stats" time="0.115" /><testcase classname="backend.tests.test_performance_tab.TestPerformanceStatsEndpoint" name="test_manager_can_access_performance_stats" time="0.114" /><testcase classname="backend.tests.test_performance_tab.TestPerformanceStatsEndpoint" name="test_regular_counselor_cannot_access_performance_stats" time="0.145" /><testcase classname="backend.tests.test_performance_tab.TestPerformanceStatsEndpoint" name="test_team_lead_sees_only_team_admissions" time="0.189" /><testcase classname="backend.tests.test_performance_tab.TestPerformanceStatsEndpoint" name="test_manager_sees_all_admissions" time="0.097" /><testcase classname="backend.tests.test_performance_tab.TestPerformanceFilters" name="test_filter_by_counselor" time="0.114" /><testcase classname="backend.tests.test_performance_tab.TestPerformanceFilters" name="test_filter_by_month" time="0.108" /><testcase classname="backend.tests.test_performance_tab.TestPerformanceFilters" name="test_filter_by_college" time="0.113" /><testcase classname="backend.tests.test_performance_tab.TestPerformanceFilters" name="test_combined_filters" time="0.062" /><testcase classname="backend.tests.test_performance_tab.TestPerformanceAdmissionsList" name="test_manager_can_get_admissions_list" time="0.063" /><testcase classname="backend.tests.test_performance_tab.TestPerformanceAdmissionsList" name="test_team_lead_can_get_admissions_list" time="0.148" /><testcase classname="backend.tests.test_performance_tab.TestPerformanceAdmissionsList" name="test_regular_counselor_cannot_get_performance_admissions" time="0.143" /><testcase classname="backend.tests.test_performance_tab.TestTargetAssignment" name="test_team_lead_can_get_assignable_counselors" time="0.066" /><testcase classname="backend.tests.test_performance_tab.TestTargetAssignment" name="test_manager_can_get_all_counselors" time="0.105" /><testcase classname="backend.tests.test_performance_tab.TestTargetAssignment" name="test_regular_counselor_cannot_get_assignable_counselors" time="0.111" /><testcase classname="backend.tests.test_performance_tab.TestTargetAssignment" name="test_team_lead_can_assign_target_to_team_member" time="0.171" /><testcase classname="backend.tests.test_performance_tab.TestTargetAssignment" name="test_manager_can_assign_target_to_any_counselor" time="0.079" /><testcase classname="backend.tests.test_performance_tab.TestTargetsProgress" name="test_manager_can_get_targets_progress" time="0.104" /><testcase classname="backend.tests.test_performance_tab.TestTargetsProgress" name="test_team_lead_can_get_targets_progress" time="0.058" /><testcase classname="backend.tests.test_performance_tab.TestDataComparison" name="test_manager_sees_more_or_equal_admissions_than_team_lead" time="0.077" /></testsuite></testsuites>