<?xml version="1.0" encoding="utf-8"?><testsuites name="pytest tests"><testsuite name="pytest" errors="0" failures="0" skipped="3" tests="21" time="2.813" timestamp="2026-02-08T22:55:41.494820+00:00" hostname="agent-env-f91403b0-536d-4f09-b5b9-c65060215741"><testcase classname="backend.tests.test_iteration9_features.TestAuth" name="test_admin_login" time="0.077" /><testcase classname="backend.tests.test_iteration9_features.TestAuth" name="test_counselor_login" time="0.054" /><testcase classname="backend.tests.test_iteration9_features.TestProfileEndpoints" name="test_get_profile_admin" time="0.086" /><testcase classname="backend.tests.test_iteration9_features.TestProfileEndpoints" name="test_get_profile_counselor" time="0.083" /><testcase classname="backend.tests.test_iteration9_features.TestProfileEndpoints" name="test_update_profile_name_and_phone" time="0.207" /><testcase classname="backend.tests.test_iteration9_features.TestProfileEndpoints" name="test_update_profile_partial" time="0.161" /><testcase classname="backend.tests.test_iteration9_features.TestProfileEndpoints" name="test_get_profile_unauthorized" time="0.040" /><testcase classname="backend.tests.test_iteration9_features.TestPasswordChange" name="test_change_password_success" time="0.277"><skipped type="pytest.skip" message="Could not create test user for password change test">/app/backend/tests/test_iteration9_features.py:187: Could not create test user for password change test</skipped></testcase><testcase classname="backend.tests.test_iteration9_features.TestPasswordChange" name="test_change_password_wrong_current" time="0.254"><skipped type="pytest.skip" message="Could not create test user for password change test">/app/backend/tests/test_iteration9_features.py:210: Could not create test user for password change test</skipped></testcase><testcase classname="backend.tests.test_iteration9_features.TestPasswordChange" name="test_change_password_too_short" time="0.260"><skipped type="pytest.skip" message="Could not create test user for password change test">/app/backend/tests/test_iteration9_features.py:222: Could not create test user for password change test</skipped></testcase><testcase classname="backend.tests.test_iteration9_features.TestActivityLogEndpoints" name="test_get_activity_logs_admin" time="0.087" /><testcase classname="backend.tests.test_iteration9_features.TestActivityLogEndpoints" name="test_get_activity_logs_with_pagination" time="0.083" /><testcase classname="backend.tests.test_iteration9_features.TestActivityLogEndpoints" name="test_get_activity_logs_with_action_filter" time="0.099" /><testcase classname="backend.tests.test_iteration9_features.TestActivityLogEndpoints" name="test_get_activity_logs_counselor_denied" time="0.071" /><testcase classname="backend.tests.test_iteration9_features.TestActivityLogEndpoints" name="test_get_activity_actions" time="0.077" /><testcase classname="backend.tests.test_iteration9_features.TestPasswordReset" name="test_reset_password_admin" time="0.125" /><testcase classname="backend.tests.test_iteration9_features.TestPasswordReset" name="test_reset_password_counselor_denied" time="0.175" /><testcase classname="backend.tests.test_iteration9_features.TestPasswordReset" name="test_reset_password_nonexistent_user" time="0.080" /><testcase classname="backend.tests.test_iteration9_features.TestPasswordReset" name="test_set_password_admin" time="0.119" /><testcase classname="backend.tests.test_iteration9_features.TestActivityLogging" name="test_login_creates_activity_log" time="0.087" /><testcase classname="backend.tests.test_iteration9_features.TestActivityLogging" name="test_profile_update_creates_activity_log" time="0.168" /></testsuite></testsuites>