<?xml version="1.0" encoding="utf-8"?><testsuites name="pytest tests"><testsuite name="pytest" errors="0" failures="0" skipped="0" tests="7" time="2.414" timestamp="2026-02-13T10:10:14.304225+00:00" hostname="agent-env-720ff059-c5a2-4375-9d81-b637fae39894"><testcase classname="backend.tests.test_iteration15_features.TestFeeManagementAdditionalFees" name="test_fee_model_supports_additional_fees" time="0.745" /><testcase classname="backend.tests.test_iteration15_features.TestFeeManagementAdditionalFees" name="test_bulk_fee_creation_with_additional_fees" time="0.674" /><testcase classname="backend.tests.test_iteration15_features.TestCoursesWithFeeData" name="test_courses_with_college_includes_fees" time="0.107" /><testcase classname="backend.tests.test_iteration15_features.TestCoursesWithFeeData" name="test_course_detail_includes_additional_fees" time="0.238" /><testcase classname="backend.tests.test_iteration15_features.TestFeeRangeFiltering" name="test_fee_range_filter_logic" time="0.247" /><testcase classname="backend.tests.test_iteration15_features.TestFiltersEndpoint" name="test_filters_endpoint" time="0.137" /><testcase classname="backend.tests.test_iteration15_features.TestFiltersEndpoint" name="test_course_levels_endpoint" time="0.165" /></testsuite></testsuites>