<?xml version="1.0" encoding="utf-8"?><testsuites name="pytest tests"><testsuite name="pytest" errors="0" failures="0" skipped="0" tests="25" time="1.203" timestamp="2026-02-08T19:35:04.804138+00:00" hostname="agent-env-b019903f-ea0c-473f-ae80-ed4cb1169b67"><testcase classname="backend.tests.test_seat_status_features.TestAuthentication" name="test_admin_login" time="0.075" /><testcase classname="backend.tests.test_seat_status_features.TestAuthentication" name="test_counselor_login" time="0.042" /><testcase classname="backend.tests.test_seat_status_features.TestCoursesWithSeatStatus" name="test_get_all_courses_has_seat_status" time="0.042" /><testcase classname="backend.tests.test_seat_status_features.TestCoursesWithSeatStatus" name="test_courses_have_variety_of_statuses" time="0.041" /><testcase classname="backend.tests.test_seat_status_features.TestCoursesWithSeatStatus" name="test_get_courses_by_college_has_seat_status" time="0.043" /><testcase classname="backend.tests.test_seat_status_features.TestSeatStatusUpdateEndpoint" name="test_update_seat_status_to_closing" time="0.119" /><testcase classname="backend.tests.test_seat_status_features.TestSeatStatusUpdateEndpoint" name="test_update_seat_status_to_under_waiting" time="0.039" /><testcase classname="backend.tests.test_seat_status_features.TestSeatStatusUpdateEndpoint" name="test_update_seat_status_to_closed" time="0.038" /><testcase classname="backend.tests.test_seat_status_features.TestSeatStatusUpdateEndpoint" name="test_update_seat_status_to_available" time="0.045" /><testcase classname="backend.tests.test_seat_status_features.TestSeatStatusUpdateEndpoint" name="test_update_seat_status_invalid_status" time="0.039" /><testcase classname="backend.tests.test_seat_status_features.TestSeatStatusUpdateEndpoint" name="test_update_seat_status_requires_admin" time="0.038" /><testcase classname="backend.tests.test_seat_status_features.TestSeatStatusUpdateEndpoint" name="test_update_seat_status_invalid_course" time="0.037" /><testcase classname="backend.tests.test_seat_status_features.TestFiltersForCollegeManagement" name="test_filters_returns_all_required_fields" time="0.041" /><testcase classname="backend.tests.test_seat_status_features.TestFiltersForCollegeManagement" name="test_filters_states_for_location_tab" time="0.041" /><testcase classname="backend.tests.test_seat_status_features.TestFiltersForCollegeManagement" name="test_filters_categories_for_category_tab" time="0.044" /><testcase classname="backend.tests.test_seat_status_features.TestFiltersForCollegeManagement" name="test_filters_courses_for_course_tab" time="0.042" /><testcase classname="backend.tests.test_seat_status_features.TestCollegesSearchAndFilter" name="test_search_colleges_by_name" time="0.039" /><testcase classname="backend.tests.test_seat_status_features.TestCollegesSearchAndFilter" name="test_search_colleges_case_insensitive" time="0.037" /><testcase classname="backend.tests.test_seat_status_features.TestCollegesSearchAndFilter" name="test_filter_by_state" time="0.035" /><testcase classname="backend.tests.test_seat_status_features.TestCollegesSearchAndFilter" name="test_filter_by_city" time="0.035" /><testcase classname="backend.tests.test_seat_status_features.TestCollegesSearchAndFilter" name="test_filter_by_category" time="0.040" /><testcase classname="backend.tests.test_seat_status_features.TestCollegesSearchAndFilter" name="test_filter_by_course" time="0.037" /><testcase classname="backend.tests.test_seat_status_features.TestCollegesSearchAndFilter" name="test_combined_filters" time="0.040" /><testcase classname="backend.tests.test_seat_status_features.TestFeeSummaryWithSeatStatus" name="test_fee_summary_includes_course_seat_status" time="0.038" /><testcase classname="backend.tests.test_seat_status_features.TestDefaultSeatStatus" name="test_new_course_has_default_available_status" time="0.074" /></testsuite></testsuites>