<?xml version="1.0" encoding="utf-8"?><testsuites name="pytest tests"><testsuite name="pytest" errors="0" failures="2" skipped="0" tests="14" time="1.385" timestamp="2026-02-12T21:11:00.299846+00:00" hostname="agent-env-3540ef1c-e897-449e-a556-24d96a7ee6d4"><testcase classname="backend.tests.test_iteration12_features.TestHealthAndAuth" name="test_api_root" time="0.070" /><testcase classname="backend.tests.test_iteration12_features.TestHealthAndAuth" name="test_counselor_login" time="0.039" /><testcase classname="backend.tests.test_iteration12_features.TestHealthAndAuth" name="test_admin_login" time="0.036" /><testcase classname="backend.tests.test_iteration12_features.TestCollegesAPI" name="test_get_colleges_list" time="0.072" /><testcase classname="backend.tests.test_iteration12_features.TestCollegesAPI" name="test_college_has_established_year" time="0.077" /><testcase classname="backend.tests.test_iteration12_features.TestCollegesAPI" name="test_get_college_detail" time="0.120" /><testcase classname="backend.tests.test_iteration12_features.TestCoursesAPI" name="test_get_courses_list" time="0.077" /><testcase classname="backend.tests.test_iteration12_features.TestCoursesAPI" name="test_get_course_detail" time="0.109" /><testcase classname="backend.tests.test_iteration12_features.TestFiltersAPI" name="test_get_filters" time="0.075" /><testcase classname="backend.tests.test_iteration12_features.TestFiltersAPI" name="test_get_course_levels" time="0.107" /><testcase classname="backend.tests.test_iteration12_features.TestFiltersAPI" name="test_get_categories" time="0.115"><failure message="assert 404 == 200&#10; +  where 404 = &lt;Response [404]&gt;.status_code">backend/tests/test_iteration12_features.py:272: in test_get_categories
    assert response.status_code == 200
E   assert 404 == 200
E    +  where 404 = &lt;Response [404]&gt;.status_code</failure></testcase><testcase classname="backend.tests.test_iteration12_features.TestCompareCollegesAPI" name="test_compare_colleges" time="0.116"><failure message="assert 422 == 200&#10; +  where 422 = &lt;Response [422]&gt;.status_code">backend/tests/test_iteration12_features.py:309: in test_compare_colleges
    assert response.status_code == 200
E   assert 422 == 200
E    +  where 422 = &lt;Response [422]&gt;.status_code</failure></testcase><testcase classname="backend.tests.test_iteration12_features.TestAdminDashboardAPI" name="test_admin_stats" time="0.202" /><testcase classname="backend.tests.test_iteration12_features.TestAdminDashboardAPI" name="test_courses_needing_attention" time="0.075" /></testsuite></testsuites>