<?xml version="1.0" encoding="utf-8"?><testsuites name="pytest tests"><testsuite name="pytest" errors="0" failures="0" skipped="0" tests="23" time="2.788" timestamp="2026-02-08T21:29:40.566238+00:00" hostname="agent-env-575d28ef-662b-422e-9b24-753647d76547"><testcase classname="backend.tests.test_iteration6_features.TestAuthentication" name="test_admin_login" time="0.081" /><testcase classname="backend.tests.test_iteration6_features.TestAuthentication" name="test_counselor_login" time="0.042" /><testcase classname="backend.tests.test_iteration6_features.TestUserManagement" name="test_get_designations" time="0.075" /><testcase classname="backend.tests.test_iteration6_features.TestUserManagement" name="test_get_all_users_admin" time="0.084" /><testcase classname="backend.tests.test_iteration6_features.TestUserManagement" name="test_get_users_requires_admin" time="0.077" /><testcase classname="backend.tests.test_iteration6_features.TestUserManagement" name="test_get_team_leads" time="0.082" /><testcase classname="backend.tests.test_iteration6_features.TestUserManagement" name="test_create_counselor" time="0.080" /><testcase classname="backend.tests.test_iteration6_features.TestUserManagement" name="test_create_counselor_invalid_designation" time="0.079" /><testcase classname="backend.tests.test_iteration6_features.TestUserManagement" name="test_update_counselor" time="0.197" /><testcase classname="backend.tests.test_iteration6_features.TestUserManagement" name="test_toggle_user_active_status" time="0.193" /><testcase classname="backend.tests.test_iteration6_features.TestAdmissions" name="test_get_admissions_counselor" time="0.076" /><testcase classname="backend.tests.test_iteration6_features.TestAdmissions" name="test_get_admissions_admin" time="0.078" /><testcase classname="backend.tests.test_iteration6_features.TestAdmissions" name="test_create_admission" time="0.239" /><testcase classname="backend.tests.test_iteration6_features.TestAdmissions" name="test_create_admission_with_multiple_instalments" time="0.245" /><testcase classname="backend.tests.test_iteration6_features.TestAdmissions" name="test_update_admission" time="0.264" /><testcase classname="backend.tests.test_iteration6_features.TestAdmissions" name="test_delete_admission" time="0.304" /><testcase classname="backend.tests.test_iteration6_features.TestPerformanceDashboard" name="test_get_performance_stats_admin" time="0.080" /><testcase classname="backend.tests.test_iteration6_features.TestPerformanceDashboard" name="test_get_performance_stats_requires_admin_or_manager" time="0.081" /><testcase classname="backend.tests.test_iteration6_features.TestPerformanceDashboard" name="test_get_admissions_list_admin" time="0.073" /><testcase classname="backend.tests.test_iteration6_features.TestPerformanceDashboard" name="test_get_admissions_list_with_filters" time="0.112" /><testcase classname="backend.tests.test_iteration6_features.TestCollegeSearch" name="test_colleges_searchable" time="0.036" /><testcase classname="backend.tests.test_iteration6_features.TestCollegeSearch" name="test_colleges_have_required_fields" time="0.041" /><testcase classname="backend.tests.test_iteration6_features.TestTeamLeadAccess" name="test_team_lead_exists" time="0.074" /></testsuite></testsuites>