<?xml version="1.0" encoding="utf-8"?><testsuites name="pytest tests"><testsuite name="pytest" errors="0" failures="1" skipped="0" tests="19" time="1.200" timestamp="2026-02-12T22:41:49.519297+00:00" hostname="agent-env-3540ef1c-e897-449e-a556-24d96a7ee6d4"><testcase classname="backend.tests.test_iteration13_features.TestAPIHealth" name="test_api_root_accessible" time="0.061" /><testcase classname="backend.tests.test_iteration13_features.TestAuthentication" name="test_counselor_login" time="0.040" /><testcase classname="backend.tests.test_iteration13_features.TestAuthentication" name="test_admin_login" time="0.036" /><testcase classname="backend.tests.test_iteration13_features.TestCollegesAPI" name="test_get_colleges_list" time="0.046" /><testcase classname="backend.tests.test_iteration13_features.TestCollegesAPI" name="test_colleges_have_established_year" time="0.043" /><testcase classname="backend.tests.test_iteration13_features.TestCollegesAPI" name="test_get_college_by_id_with_highlights" time="0.073" /><testcase classname="backend.tests.test_iteration13_features.TestCollegesAPI" name="test_get_college_courses" time="0.073" /><testcase classname="backend.tests.test_iteration13_features.TestCoursesAPI" name="test_get_courses_list" time="0.036" /><testcase classname="backend.tests.test_iteration13_features.TestCoursesAPI" name="test_get_courses_with_college" time="0.043" /><testcase classname="backend.tests.test_iteration13_features.TestCoursesAPI" name="test_get_course_by_id_with_details" time="0.077" /><testcase classname="backend.tests.test_iteration13_features.TestFiltersAPI" name="test_get_filters" time="0.033" /><testcase classname="backend.tests.test_iteration13_features.TestFiltersAPI" name="test_get_course_levels" time="0.037" /><testcase classname="backend.tests.test_iteration13_features.TestFiltersAPI" name="test_get_course_categories" time="0.035" /><testcase classname="backend.tests.test_iteration13_features.TestCompareCollegesAPI" name="test_compare_colleges" time="0.080"><failure message="assert 422 == 200&#10; +  where 422 = &lt;Response [422]&gt;.status_code">backend/tests/test_iteration13_features.py:237: in test_compare_colleges
    assert response.status_code == 200
E   assert 422 == 200
E    +  where 422 = &lt;Response [422]&gt;.status_code</failure></testcase><testcase classname="backend.tests.test_iteration13_features.TestAdminEndpoints" name="test_admin_can_access_colleges" time="0.076" /><testcase classname="backend.tests.test_iteration13_features.TestAdminEndpoints" name="test_admin_can_access_courses" time="0.072" /><testcase classname="backend.tests.test_iteration13_features.TestAdminEndpoints" name="test_admin_can_access_fees" time="0.082" /><testcase classname="backend.tests.test_iteration13_features.TestAdminEndpoints" name="test_admin_can_access_faqs" time="0.071" /><testcase classname="backend.tests.test_iteration13_features.TestSeatStatusFeatures" name="test_courses_have_seat_status" time="0.036" /></testsuite></testsuites>