<?xml version="1.0" encoding="utf-8"?><testsuites name="pytest tests"><testsuite name="pytest" errors="0" failures="1" skipped="2" tests="21" time="2.926" timestamp="2026-02-08T22:51:08.583818+00:00" hostname="agent-env-f91403b0-536d-4f09-b5b9-c65060215741"><testcase classname="backend.tests.test_iteration9_features.TestAuth" name="test_admin_login" time="0.100" /><testcase classname="backend.tests.test_iteration9_features.TestAuth" name="test_counselor_login" time="0.042" /><testcase classname="backend.tests.test_iteration9_features.TestProfileEndpoints" name="test_get_profile_admin" time="0.092" /><testcase classname="backend.tests.test_iteration9_features.TestProfileEndpoints" name="test_get_profile_counselor" time="0.103" /><testcase classname="backend.tests.test_iteration9_features.TestProfileEndpoints" name="test_update_profile_name_and_phone" time="0.176" /><testcase classname="backend.tests.test_iteration9_features.TestProfileEndpoints" name="test_update_profile_partial" time="0.198" /><testcase classname="backend.tests.test_iteration9_features.TestProfileEndpoints" name="test_get_profile_unauthorized" time="0.082"><failure message="AssertionError: Expected 401, got 403&#10;assert 403 == 401&#10; +  where 403 = &lt;Response [403]&gt;.status_code">backend/tests/test_iteration9_features.py:141: in test_get_profile_unauthorized
    assert response.status_code == 401, f"Expected 401, got {response.status_code}"
E   AssertionError: Expected 401, got 403
E   assert 403 == 401
E    +  where 403 = &lt;Response [403]&gt;.status_code</failure></testcase><testcase classname="backend.tests.test_iteration9_features.TestPasswordChange" name="test_change_password_success" time="0.271" /><testcase classname="backend.tests.test_iteration9_features.TestPasswordChange" name="test_change_password_wrong_current" time="0.204"><skipped type="pytest.skip" message="Could not create test user for password change test">/app/backend/tests/test_iteration9_features.py:210: Could not create test user for password change test</skipped></testcase><testcase classname="backend.tests.test_iteration9_features.TestPasswordChange" name="test_change_password_too_short" time="0.233"><skipped type="pytest.skip" message="Could not create test user for password change test">/app/backend/tests/test_iteration9_features.py:222: Could not create test user for password change test</skipped></testcase><testcase classname="backend.tests.test_iteration9_features.TestActivityLogEndpoints" name="test_get_activity_logs_admin" time="0.118" /><testcase classname="backend.tests.test_iteration9_features.TestActivityLogEndpoints" name="test_get_activity_logs_with_pagination" time="0.096" /><testcase classname="backend.tests.test_iteration9_features.TestActivityLogEndpoints" name="test_get_activity_logs_with_action_filter" time="0.091" /><testcase classname="backend.tests.test_iteration9_features.TestActivityLogEndpoints" name="test_get_activity_logs_counselor_denied" time="0.116" /><testcase classname="backend.tests.test_iteration9_features.TestActivityLogEndpoints" name="test_get_activity_actions" time="0.079" /><testcase classname="backend.tests.test_iteration9_features.TestPasswordReset" name="test_reset_password_admin" time="0.153" /><testcase classname="backend.tests.test_iteration9_features.TestPasswordReset" name="test_reset_password_counselor_denied" time="0.157" /><testcase classname="backend.tests.test_iteration9_features.TestPasswordReset" name="test_reset_password_nonexistent_user" time="0.078" /><testcase classname="backend.tests.test_iteration9_features.TestPasswordReset" name="test_set_password_admin" time="0.131" /><testcase classname="backend.tests.test_iteration9_features.TestActivityLogging" name="test_login_creates_activity_log" time="0.087" /><testcase classname="backend.tests.test_iteration9_features.TestActivityLogging" name="test_profile_update_creates_activity_log" time="0.129" /></testsuite></testsuites>