<?xml version="1.0" encoding="utf-8"?><testsuites name="pytest tests"><testsuite name="pytest" errors="0" failures="0" skipped="0" tests="24" time="1.465" timestamp="2026-02-08T20:03:10.774951+00:00" hostname="agent-env-b019903f-ea0c-473f-ae80-ed4cb1169b67"><testcase classname="backend.tests.test_new_features_v5.TestAuthentication" name="test_admin_login" time="0.114" /><testcase classname="backend.tests.test_new_features_v5.TestAuthentication" name="test_counselor_login" time="0.046" /><testcase classname="backend.tests.test_new_features_v5.TestCoursesAPI" name="test_get_all_courses" time="0.043" /><testcase classname="backend.tests.test_new_features_v5.TestCoursesAPI" name="test_courses_have_required_fields" time="0.042" /><testcase classname="backend.tests.test_new_features_v5.TestCoursesAPI" name="test_courses_with_closing_status" time="0.041" /><testcase classname="backend.tests.test_new_features_v5.TestCoursesAPI" name="test_get_courses_with_college" time="0.049" /><testcase classname="backend.tests.test_new_features_v5.TestCoursesAPI" name="test_get_course_categories" time="0.039" /><testcase classname="backend.tests.test_new_features_v5.TestCoursesAPI" name="test_filter_courses_by_category" time="0.041" /><testcase classname="backend.tests.test_new_features_v5.TestCoursesAPI" name="test_search_courses_by_name" time="0.038" /><testcase classname="backend.tests.test_new_features_v5.TestCourseDetailAPI" name="test_get_course_detail" time="0.041" /><testcase classname="backend.tests.test_new_features_v5.TestCourseDetailAPI" name="test_course_detail_has_description" time="0.045" /><testcase classname="backend.tests.test_new_features_v5.TestCourseDetailAPI" name="test_course_detail_has_eligibility" time="0.037" /><testcase classname="backend.tests.test_new_features_v5.TestCourseDetailAPI" name="test_course_detail_has_scope" time="0.040" /><testcase classname="backend.tests.test_new_features_v5.TestCourseDetailAPI" name="test_course_detail_has_job_profiles" time="0.041" /><testcase classname="backend.tests.test_new_features_v5.TestCourseDetailAPI" name="test_course_detail_has_fees" time="0.038" /><testcase classname="backend.tests.test_new_features_v5.TestCourseDetailAPI" name="test_course_detail_has_admission_charges" time="0.036" /><testcase classname="backend.tests.test_new_features_v5.TestPlacementsAPI" name="test_get_college_placements" time="0.036" /><testcase classname="backend.tests.test_new_features_v5.TestPlacementsAPI" name="test_placements_have_stats" time="0.038" /><testcase classname="backend.tests.test_new_features_v5.TestPlacementsAPI" name="test_placements_have_top_recruiters" time="0.033" /><testcase classname="backend.tests.test_new_features_v5.TestPlacementsAPI" name="test_placements_for_multiple_colleges" time="0.376" /><testcase classname="backend.tests.test_new_features_v5.TestCollegeCoursesAPI" name="test_get_college_courses" time="0.038" /><testcase classname="backend.tests.test_new_features_v5.TestCollegeCoursesAPI" name="test_college_courses_have_seat_status" time="0.047" /><testcase classname="backend.tests.test_new_features_v5.TestAdminDashboardData" name="test_courses_for_attention_widget" time="0.038" /><testcase classname="backend.tests.test_new_features_v5.TestAdminDashboardData" name="test_seat_availability_counts" time="0.039" /></testsuite></testsuites>