<?xml version="1.0" encoding="utf-8"?><testsuites name="pytest tests"><testsuite name="pytest" errors="0" failures="0" skipped="0" tests="14" time="1.073" timestamp="2026-02-08T23:39:51.641561+00:00" hostname="agent-env-f91403b0-536d-4f09-b5b9-c65060215741"><testcase classname="backend.tests.test_new_features_iteration11.TestAuth" name="test_admin_login" time="0.079" /><testcase classname="backend.tests.test_new_features_iteration11.TestScholarshipSummaryAPI" name="test_scholarship_summary_by_month" time="0.083" /><testcase classname="backend.tests.test_new_features_iteration11.TestScholarshipSummaryAPI" name="test_scholarship_summary_by_college" time="0.046" /><testcase classname="backend.tests.test_new_features_iteration11.TestScholarshipSummaryAPI" name="test_scholarship_summary_default_view" time="0.041" /><testcase classname="backend.tests.test_new_features_iteration11.TestScholarshipSummaryAPI" name="test_scholarship_summary_requires_auth" time="0.044" /><testcase classname="backend.tests.test_new_features_iteration11.TestScholarshipSummaryAPI" name="test_scholarship_summary_counselor_access" time="0.185" /><testcase classname="backend.tests.test_new_features_iteration11.TestTargetAlertsAPI" name="test_target_alerts_endpoint" time="0.081" /><testcase classname="backend.tests.test_new_features_iteration11.TestTargetAlertsAPI" name="test_target_alerts_structure" time="0.037" /><testcase classname="backend.tests.test_new_features_iteration11.TestTargetAlertsAPI" name="test_target_alerts_requires_auth" time="0.039" /><testcase classname="backend.tests.test_new_features_iteration11.TestTargetAlertsAPI" name="test_target_alerts_counselor_access" time="0.076" /><testcase classname="backend.tests.test_new_features_iteration11.TestCollegesAPI" name="test_get_colleges_list" time="0.039" /><testcase classname="backend.tests.test_new_features_iteration11.TestCollegesAPI" name="test_college_has_required_card_fields" time="0.039" /><testcase classname="backend.tests.test_new_features_iteration11.TestPerformanceStatsAPI" name="test_performance_stats" time="0.120" /><testcase classname="backend.tests.test_new_features_iteration11.TestPerformanceStatsAPI" name="test_admissions_list" time="0.082" /></testsuite></testsuites>