<?xml version="1.0" encoding="utf-8"?><testsuites name="pytest tests"><testsuite name="pytest" errors="0" failures="6" skipped="0" tests="20" time="2.242" timestamp="2026-02-08T21:50:27.249808+00:00" hostname="agent-env-575d28ef-662b-422e-9b24-753647d76547"><testcase classname="backend.tests.test_iteration7_features.TestAuth" name="test_admin_login" time="0.081" /><testcase classname="backend.tests.test_iteration7_features.TestAuth" name="test_counselor_login" time="0.040" /><testcase classname="backend.tests.test_iteration7_features.TestAuth" name="test_teamlead_login" time="0.039" /><testcase classname="backend.tests.test_iteration7_features.TestTargetTracking" name="test_get_assignable_counselors_admin" time="0.081" /><testcase classname="backend.tests.test_iteration7_features.TestTargetTracking" name="test_get_assignable_counselors_teamlead" time="0.082" /><testcase classname="backend.tests.test_iteration7_features.TestTargetTracking" name="test_counselor_cannot_access_targets" time="0.083" /><testcase classname="backend.tests.test_iteration7_features.TestTargetTracking" name="test_create_target_admin" time="0.144" /><testcase classname="backend.tests.test_iteration7_features.TestTargetTracking" name="test_get_targets_admin" time="0.076" /><testcase classname="backend.tests.test_iteration7_features.TestTargetTracking" name="test_get_targets_with_progress" time="0.082" /><testcase classname="backend.tests.test_iteration7_features.TestTargetTracking" name="test_update_target" time="0.172" /><testcase classname="backend.tests.test_iteration7_features.TestTargetTracking" name="test_delete_target" time="0.177" /><testcase classname="backend.tests.test_iteration7_features.TestRemarksColumn" name="test_admissions_have_remark_field" time="0.080"><failure message="AttributeError: 'str' object has no attribute 'get'">backend/tests/test_iteration7_features.py:245: in test_admissions_have_remark_field
    assert "remark" in admission or admission.get("remark") is None
                                    ^^^^^^^^^^^^^
E   AttributeError: 'str' object has no attribute 'get'</failure></testcase><testcase classname="backend.tests.test_iteration7_features.TestRemarksColumn" name="test_counselor_admissions_have_remark" time="0.075" /><testcase classname="backend.tests.test_iteration7_features.TestRemarksColumn" name="test_create_admission_with_remark" time="0.240" /><testcase classname="backend.tests.test_iteration7_features.TestFeePaymentEditPermissions" name="test_admin_can_edit_any_admission" time="0.074"><failure message="KeyError: 0">backend/tests/test_iteration7_features.py:320: in test_admin_can_edit_any_admission
    admission = admissions[0]
                ^^^^^^^^^^^^^
E   KeyError: 0</failure></testcase><testcase classname="backend.tests.test_iteration7_features.TestFeePaymentEditPermissions" name="test_teamlead_can_edit_team_admission" time="0.146"><failure message="KeyError: 0">backend/tests/test_iteration7_features.py:360: in test_teamlead_can_edit_team_admission
    admission = admissions[0]
                ^^^^^^^^^^^^^
E   KeyError: 0</failure></testcase><testcase classname="backend.tests.test_iteration7_features.TestFeePaymentEditPermissions" name="test_counselor_can_only_edit_own_admission" time="0.156" /><testcase classname="backend.tests.test_iteration7_features.TestFeePaymentEditPermissions" name="test_add_instalment_to_admission" time="0.118"><failure message="KeyError: 0">backend/tests/test_iteration7_features.py:425: in test_add_instalment_to_admission
    admission = admissions[0]
                ^^^^^^^^^^^^^
E   KeyError: 0</failure></testcase><testcase classname="backend.tests.test_iteration7_features.TestPerformanceDashboardAdmissions" name="test_admin_stats_admissions_list" time="0.077"><failure message="AssertionError: assert False&#10; +  where False = isinstance({'admissions': [{'admission_date': '2025-01-15', 'balance': 300000.0, 'candidate_name': 'TEST Update Candidate', 'college_id': 'col-1', ...}, {'admission_date': '2025-01-15', 'balance': 250000.0, 'candidate_name': 'TEST Multi Instalment', 'college_id': 'col-1', ...}, {'admission_date': '2025-01-15', 'balance': 400000.0, 'candidate_name': 'TEST Candidate', 'college_id': 'col-1', ...}, {'admission_date': '2026-02-08', 'balance': 400000.0, 'candidate_name': 'John Doe', 'college_id': 'col-1', ...}], 'limit': 100, 'skip': 0, 'total': 4}, list)">backend/tests/test_iteration7_features.py:468: in test_admin_stats_admissions_list
    assert isinstance(admissions, list)
E   AssertionError: assert False
E    +  where False = isinstance({'admissions': [{'admission_date': '2025-01-15', 'balance': 300000.0, 'candidate_name': 'TEST Update Candidate', 'college_id': 'col-1', ...}, {'admission_date': '2025-01-15', 'balance': 250000.0, 'candidate_name': 'TEST Multi Instalment', 'college_id': 'col-1', ...}, {'admission_date': '2025-01-15', 'balance': 400000.0, 'candidate_name': 'TEST Candidate', 'college_id': 'col-1', ...}, {'admission_date': '2026-02-08', 'balance': 400000.0, 'candidate_name': 'John Doe', 'college_id': 'col-1', ...}], 'limit': 100, 'skip': 0, 'total': 4}, list)</failure></testcase><testcase classname="backend.tests.test_iteration7_features.TestPerformanceDashboardAdmissions" name="test_performance_stats" time="0.078"><failure message="AssertionError: assert 'total_fees_collected' in {'by_college': [{'_id': 'col-1', 'college_name': 'Acharya Institute of Management Studies (AIMS)', 'count': 4, 'total_fees_collected': 650000.0}], 'by_counselor': [{'_id': 'counselor-1', 'counselor_name': 'Demo Counselor', 'count': 4, 'total_fees_collected': 650000.0}], 'by_course': [{'_id': 'course-1', 'count': 4, 'course_name': 'MBA - Master of Business Administration'}], 'daily_trends': [{'_id': '2026-02-08', 'count': 4}], ...}">backend/tests/test_iteration7_features.py:487: in test_performance_stats
    assert "total_fees_collected" in stats
E   AssertionError: assert 'total_fees_collected' in {'by_college': [{'_id': 'col-1', 'college_name': 'Acharya Institute of Management Studies (AIMS)', 'count': 4, 'total_fees_collected': 650000.0}], 'by_counselor': [{'_id': 'counselor-1', 'counselor_name': 'Demo Counselor', 'count': 4, 'total_fees_collected': 650000.0}], 'by_course': [{'_id': 'course-1', 'count': 4, 'course_name': 'MBA - Master of Business Administration'}], 'daily_trends': [{'_id': '2026-02-08', 'count': 4}], ...}</failure></testcase></testsuite></testsuites>