<?xml version="1.0" encoding="utf-8"?><testsuites name="pytest tests"><testsuite name="pytest" errors="0" failures="2" skipped="0" tests="18" time="1.542" timestamp="2026-02-08T20:41:59.880438+00:00" hostname="agent-env-575d28ef-662b-422e-9b24-753647d76547"><testcase classname="backend.tests.test_iteration5_features.TestAuthentication" name="test_admin_login" time="0.080" /><testcase classname="backend.tests.test_iteration5_features.TestAuthentication" name="test_counselor_login" time="0.042" /><testcase classname="backend.tests.test_iteration5_features.TestCoursesFilters" name="test_get_all_courses_with_college_info" time="0.050" /><testcase classname="backend.tests.test_iteration5_features.TestCoursesFilters" name="test_courses_have_level_field" time="0.049" /><testcase classname="backend.tests.test_iteration5_features.TestCoursesFilters" name="test_courses_have_college_state_city" time="0.052" /><testcase classname="backend.tests.test_iteration5_features.TestCoursesFilters" name="test_courses_categories" time="0.044"><failure message="AssertionError: Failed to get categories: {&quot;detail&quot;:&quot;Course not found&quot;}&#10;assert 404 == 200&#10; +  where 404 = &lt;Response [404]&gt;.status_code">backend/tests/test_iteration5_features.py:99: in test_courses_categories
    assert response.status_code == 200, f"Failed to get categories: {response.text}"
E   AssertionError: Failed to get categories: {"detail":"Course not found"}
E   assert 404 == 200
E    +  where 404 = &lt;Response [404]&gt;.status_code</failure></testcase><testcase classname="backend.tests.test_iteration5_features.TestCollegesGrouping" name="test_get_all_colleges" time="0.037" /><testcase classname="backend.tests.test_iteration5_features.TestCollegesGrouping" name="test_colleges_have_city_field" time="0.052" /><testcase classname="backend.tests.test_iteration5_features.TestCollegesGrouping" name="test_colleges_have_state_field" time="0.037" /><testcase classname="backend.tests.test_iteration5_features.TestCollegesGrouping" name="test_filters_endpoint_returns_cities_and_states" time="0.043" /><testcase classname="backend.tests.test_iteration5_features.TestAdmissionAlerts" name="test_colleges_have_admission_alerts_field" time="0.040" /><testcase classname="backend.tests.test_iteration5_features.TestAdmissionAlerts" name="test_admission_alert_structure" time="0.039" /><testcase classname="backend.tests.test_iteration5_features.TestAdmissionAlerts" name="test_update_admission_alerts_requires_auth" time="0.039"><failure message="AssertionError: Expected 401, got 403&#10;assert 403 == 401&#10; +  where 403 = &lt;Response [403]&gt;.status_code">backend/tests/test_iteration5_features.py:218: in test_update_admission_alerts_requires_auth
    assert response.status_code == 401, f"Expected 401, got {response.status_code}"
E   AssertionError: Expected 401, got 403
E   assert 403 == 401
E    +  where 403 = &lt;Response [403]&gt;.status_code</failure></testcase><testcase classname="backend.tests.test_iteration5_features.TestAdmissionAlerts" name="test_update_admission_alerts_success" time="0.203" /><testcase classname="backend.tests.test_iteration5_features.TestAdmissionAlerts" name="test_update_admission_alerts_multiple" time="0.147" /><testcase classname="backend.tests.test_iteration5_features.TestAdmissionAlerts" name="test_remove_all_alerts" time="0.125" /><testcase classname="backend.tests.test_iteration5_features.TestAdmissionAlerts" name="test_alert_type_values" time="0.233" /><testcase classname="backend.tests.test_iteration5_features.TestCollegeNotFound" name="test_update_alerts_nonexistent_college" time="0.077" /></testsuite></testsuites>