<?xml version="1.0" encoding="utf-8"?><testsuites name="pytest tests"><testsuite name="pytest" errors="11" failures="3" skipped="0" tests="14" time="0.808" timestamp="2026-02-12T21:10:11.287002+00:00" hostname="agent-env-3540ef1c-e897-449e-a556-24d96a7ee6d4"><testcase classname="backend.tests.test_iteration12_features.TestHealthAndAuth" name="test_api_health" time="0.072"><failure message="assert 404 == 200&#10; +  where 404 = &lt;Response [404]&gt;.status_code">backend/tests/test_iteration12_features.py:23: in test_api_health
    assert response.status_code == 200
E   assert 404 == 200
E    +  where 404 = &lt;Response [404]&gt;.status_code</failure></testcase><testcase classname="backend.tests.test_iteration12_features.TestHealthAndAuth" name="test_counselor_login" time="0.041"><failure message="AssertionError: assert 'token' in {'access_token': 'eyJhbGciOiJIUzI1NiIsInR5cCI6IkpXVCJ9.eyJ1c2VyX2lkIjoiY291bnNlbG9yLTEiLCJlbWFpbCI6ImNvdW5zZWxvckBvaGNhbXB1cy5jb20iLCJyb2xlIjoiY291bnNlbG9yIiwiZXhwIjoxNzcxMDE3MDExfQ.ztFNN-D_GaxZ1uYbS6GsLWYmXLgR9h__U3fcPR0kw8Y', 'token_type': 'bearer', 'user': {'designation': 'Admission Counselor', 'email': 'counselor@ohcampus.com', 'id': 'counselor-1', 'name': 'Demo Counselor', ...}}">backend/tests/test_iteration12_features.py:34: in test_counselor_login
    assert "token" in data
E   AssertionError: assert 'token' in {'access_token': 'eyJhbGciOiJIUzI1NiIsInR5cCI6IkpXVCJ9.eyJ1c2VyX2lkIjoiY291bnNlbG9yLTEiLCJlbWFpbCI6ImNvdW5zZWxvckBvaGNhbXB1cy5jb20iLCJyb2xlIjoiY291bnNlbG9yIiwiZXhwIjoxNzcxMDE3MDExfQ.ztFNN-D_GaxZ1uYbS6GsLWYmXLgR9h__U3fcPR0kw8Y', 'token_type': 'bearer', 'user': {'designation': 'Admission Counselor', 'email': 'counselor@ohcampus.com', 'id': 'counselor-1', 'name': 'Demo Counselor', ...}}</failure></testcase><testcase classname="backend.tests.test_iteration12_features.TestHealthAndAuth" name="test_admin_login" time="0.040"><failure message="AssertionError: assert 'token' in {'access_token': 'eyJhbGciOiJIUzI1NiIsInR5cCI6IkpXVCJ9.eyJ1c2VyX2lkIjoiYWRtaW4tMSIsImVtYWlsIjoiYWRtaW5Ab2hjYW1wdXMuY29tIiwicm9sZSI6ImFkbWluIiwiZXhwIjoxNzcxMDE3MDExfQ.MP0y-xEmsoHWa22DvHPsH_eFGN0-Od5ZG5bXcrPI804', 'token_type': 'bearer', 'user': {'designation': None, 'email': 'admin@ohcampus.com', 'id': 'admin-1', 'name': 'Admin User', ...}}">backend/tests/test_iteration12_features.py:47: in test_admin_login
    assert "token" in data
E   AssertionError: assert 'token' in {'access_token': 'eyJhbGciOiJIUzI1NiIsInR5cCI6IkpXVCJ9.eyJ1c2VyX2lkIjoiYWRtaW4tMSIsImVtYWlsIjoiYWRtaW5Ab2hjYW1wdXMuY29tIiwicm9sZSI6ImFkbWluIiwiZXhwIjoxNzcxMDE3MDExfQ.MP0y-xEmsoHWa22DvHPsH_eFGN0-Od5ZG5bXcrPI804', 'token_type': 'bearer', 'user': {'designation': None, 'email': 'admin@ohcampus.com', 'id': 'admin-1', 'name': 'Admin User', ...}}</failure></testcase><testcase classname="backend.tests.test_iteration12_features.TestCollegesAPI" name="test_get_colleges_list" time="0.037"><error message="failed on setup with &quot;KeyError: 'token'&quot;">backend/tests/test_iteration12_features.py:63: in auth_token
    return response.json()["token"]
           ^^^^^^^^^^^^^^^^^^^^^^^^
E   KeyError: 'token'</error></testcase><testcase classname="backend.tests.test_iteration12_features.TestCollegesAPI" name="test_college_has_established_year" time="0.039"><error message="failed on setup with &quot;KeyError: 'token'&quot;">backend/tests/test_iteration12_features.py:63: in auth_token
    return response.json()["token"]
           ^^^^^^^^^^^^^^^^^^^^^^^^
E   KeyError: 'token'</error></testcase><testcase classname="backend.tests.test_iteration12_features.TestCollegesAPI" name="test_get_college_detail" time="0.034"><error message="failed on setup with &quot;KeyError: 'token'&quot;">backend/tests/test_iteration12_features.py:63: in auth_token
    return response.json()["token"]
           ^^^^^^^^^^^^^^^^^^^^^^^^
E   KeyError: 'token'</error></testcase><testcase classname="backend.tests.test_iteration12_features.TestCoursesAPI" name="test_get_courses_list" time="0.032"><error message="failed on setup with &quot;KeyError: 'token'&quot;">backend/tests/test_iteration12_features.py:153: in auth_token
    return response.json()["token"]
           ^^^^^^^^^^^^^^^^^^^^^^^^
E   KeyError: 'token'</error></testcase><testcase classname="backend.tests.test_iteration12_features.TestCoursesAPI" name="test_get_course_detail" time="0.038"><error message="failed on setup with &quot;KeyError: 'token'&quot;">backend/tests/test_iteration12_features.py:153: in auth_token
    return response.json()["token"]
           ^^^^^^^^^^^^^^^^^^^^^^^^
E   KeyError: 'token'</error></testcase><testcase classname="backend.tests.test_iteration12_features.TestFiltersAPI" name="test_get_filters" time="0.035"><error message="failed on setup with &quot;KeyError: 'token'&quot;">backend/tests/test_iteration12_features.py:235: in auth_token
    return response.json()["token"]
           ^^^^^^^^^^^^^^^^^^^^^^^^
E   KeyError: 'token'</error></testcase><testcase classname="backend.tests.test_iteration12_features.TestFiltersAPI" name="test_get_course_levels" time="0.039"><error message="failed on setup with &quot;KeyError: 'token'&quot;">backend/tests/test_iteration12_features.py:235: in auth_token
    return response.json()["token"]
           ^^^^^^^^^^^^^^^^^^^^^^^^
E   KeyError: 'token'</error></testcase><testcase classname="backend.tests.test_iteration12_features.TestFiltersAPI" name="test_get_categories" time="0.036"><error message="failed on setup with &quot;KeyError: 'token'&quot;">backend/tests/test_iteration12_features.py:235: in auth_token
    return response.json()["token"]
           ^^^^^^^^^^^^^^^^^^^^^^^^
E   KeyError: 'token'</error></testcase><testcase classname="backend.tests.test_iteration12_features.TestCompareCollegesAPI" name="test_compare_colleges" time="0.075"><error message="failed on setup with &quot;KeyError: 'token'&quot;">backend/tests/test_iteration12_features.py:291: in auth_token
    return response.json()["token"]
           ^^^^^^^^^^^^^^^^^^^^^^^^
E   KeyError: 'token'</error></testcase><testcase classname="backend.tests.test_iteration12_features.TestAdminDashboardAPI" name="test_admin_stats" time="0.038"><error message="failed on setup with &quot;KeyError: 'token'&quot;">backend/tests/test_iteration12_features.py:347: in admin_token
    return response.json()["token"]
           ^^^^^^^^^^^^^^^^^^^^^^^^
E   KeyError: 'token'</error></testcase><testcase classname="backend.tests.test_iteration12_features.TestAdminDashboardAPI" name="test_courses_needing_attention" time="0.034"><error message="failed on setup with &quot;KeyError: 'token'&quot;">backend/tests/test_iteration12_features.py:347: in admin_token
    return response.json()["token"]
           ^^^^^^^^^^^^^^^^^^^^^^^^
E   KeyError: 'token'</error></testcase></testsuite></testsuites>